group_0: f_8, num_7
group_0: f_8, num_7
2023-07-30-08_50_05group_0|ETTh1_M|pred_len96|mse:0.35326704382896423, mae:0.3812771439552307
2023-07-30-08_50_05|ETTh1_M|pred_len96|mse:0.35326704382896423, mae:0.3812771439552307
|ETTh1_M|pred_len96: 
|Mean|mse:0.35326704382896423, mae:0.3812771439552307|Std|mse:0.0, mae:0.0
group_0: f_8, num_7
2023-07-30-09_46_06group_0|ETTh1_M|pred_len192|mse:0.38142403960227966, mae:0.40030142664909363
2023-07-30-09_46_06|ETTh1_M|pred_len192|mse:0.38142403960227966, mae:0.40030142664909363
|ETTh1_M|pred_len192: 
|Mean|mse:0.38142403960227966, mae:0.40030142664909363|Std|mse:0.0, mae:0.0
group_0: f_8, num_7
2023-07-30-09_46_37group_0|ETTh1_M|pred_len336|mse:0.4046277701854706, mae:0.41777393221855164
2023-07-30-09_46_37|ETTh1_M|pred_len336|mse:0.4046277701854706, mae:0.41777393221855164
|ETTh1_M|pred_len336: 
|Mean|mse:0.4046277701854706, mae:0.41777393221855164|Std|mse:0.0, mae:0.0
group_0: f_8, num_7
2023-07-30-09_47_00group_0|ETTh1_M|pred_len720|mse:0.42656123638153076, mae:0.4487549662590027
2023-07-30-09_47_00|ETTh1_M|pred_len720|mse:0.42656123638153076, mae:0.4487549662590027
|ETTh1_M|pred_len720: 
|Mean|mse:0.42656123638153076, mae:0.4487549662590027|Std|mse:0.0, mae:0.0
group_0: f_8, num_7
2023-07-30-09_47_25group_0|ETTh2_M|pred_len96|mse:0.26311713457107544, mae:0.3274402320384979
2023-07-30-09_47_25|ETTh2_M|pred_len96|mse:0.26311713457107544, mae:0.3274402320384979
|ETTh2_M|pred_len96: 
|Mean|mse:0.26311713457107544, mae:0.3274402320384979|Std|mse:0.0, mae:0.0
group_0: f_8, num_7
2023-07-30-09_48_10group_0|ETTh2_M|pred_len192|mse:0.3350920081138611, mae:0.37344568967819214
2023-07-30-09_48_10|ETTh2_M|pred_len192|mse:0.3350920081138611, mae:0.37344568967819214
|ETTh2_M|pred_len192: 
|Mean|mse:0.3350920081138611, mae:0.37344568967819214|Std|mse:0.0, mae:0.0
group_0: f_8, num_7
2023-07-30-09_48_41group_0|ETTh2_M|pred_len336|mse:0.35458213090896606, mae:0.39080747961997986
2023-07-30-09_48_41|ETTh2_M|pred_len336|mse:0.35458213090896606, mae:0.39080747961997986
|ETTh2_M|pred_len336: 
|Mean|mse:0.35458213090896606, mae:0.39080747961997986|Std|mse:0.0, mae:0.0
group_0: f_8, num_7
2023-07-30-09_49_16group_0|ETTh2_M|pred_len720|mse:0.37437206506729126, mae:0.4138789474964142
2023-07-30-09_49_16|ETTh2_M|pred_len720|mse:0.37437206506729126, mae:0.4138789474964142
|ETTh2_M|pred_len720: 
|Mean|mse:0.37437206506729126, mae:0.4138789474964142|Std|mse:0.0, mae:0.0
group_0: f_8, num_6
group_1: f_16, num_1
2023-07-30-09_49_57group_0|ETTm1_M|pred_len96|mse:0.2533249258995056, mae:0.3106621503829956
2023-07-30-09_50_15group_1|ETTm1_M|pred_len96|mse:0.4362001419067383, mae:0.443789005279541
2023-07-30-09_50_15|ETTm1_M|pred_len96|mse:0.2794499567576817, mae:0.3296802725110735
|ETTm1_M|pred_len96: 
|Mean|mse:0.2794499567576817, mae:0.3296802725110735|Std|mse:0.0, mae:0.0
group_0: f_8, num_6
group_1: f_16, num_1
2023-07-30-09_50_59group_0|ETTm1_M|pred_len192|mse:0.28836336731910706, mae:0.3336145579814911
2023-07-30-09_51_17group_1|ETTm1_M|pred_len192|mse:0.4719398617744446, mae:0.4666871428489685
2023-07-30-09_51_17|ETTm1_M|pred_len192|mse:0.31458858081272667, mae:0.35262492724827355
|ETTm1_M|pred_len192: 
|Mean|mse:0.31458858081272667, mae:0.35262492724827355|Std|mse:0.0, mae:0.0
group_0: f_8, num_6
group_1: f_16, num_1
2023-07-30-09_52_28group_0|ETTm1_M|pred_len336|mse:0.3270583152770996, mae:0.35540342330932617
2023-07-30-09_52_46group_1|ETTm1_M|pred_len336|mse:0.506865918636322, mae:0.49331963062286377
2023-07-30-09_52_46|ETTm1_M|pred_len336|mse:0.3527451157569885, mae:0.37510573863983154
|ETTm1_M|pred_len336: 
|Mean|mse:0.3527451157569885, mae:0.37510573863983154|Std|mse:0.0, mae:0.0
group_0: f_8, num_6
group_1: f_16, num_1
2023-07-30-09_54_02group_0|ETTm1_M|pred_len720|mse:0.37573665380477905, mae:0.38524430990219116
2023-07-30-09_54_20group_1|ETTm1_M|pred_len720|mse:0.5440309643745422, mae:0.5227255821228027
2023-07-30-09_54_20|ETTm1_M|pred_len720|mse:0.39977869817188805, mae:0.40488449164799284
|ETTm1_M|pred_len720: 
|Mean|mse:0.39977869817188805, mae:0.40488449164799284|Std|mse:0.0, mae:0.0
group_0: f_8, num_7
2023-07-30-09_54_58group_0|ETTm2_M|pred_len192|mse:0.21305355429649353, mae:0.2828610837459564
2023-07-30-09_54_58|ETTm2_M|pred_len192|mse:0.21305355429649353, mae:0.2828610837459564
|ETTm2_M|pred_len192: 
|Mean|mse:0.21305355429649353, mae:0.2828610837459564|Std|mse:0.0, mae:0.0
group_0: f_8, num_7
2023-07-30-09_55_59group_0|ETTm2_M|pred_len336|mse:0.2699672281742096, mae:0.32114285230636597
2023-07-30-09_55_59|ETTm2_M|pred_len336|mse:0.2699672281742096, mae:0.32114285230636597
|ETTm2_M|pred_len336: 
|Mean|mse:0.2699672281742096, mae:0.32114285230636597|Std|mse:0.0, mae:0.0
group_0: f_8, num_7
2023-07-30-09_56_36group_0|ETTm2_M|pred_len720|mse:0.35231828689575195, mae:0.37554478645324707
2023-07-30-09_56_36|ETTm2_M|pred_len720|mse:0.35231828689575195, mae:0.37554478645324707
|ETTm2_M|pred_len720: 
|Mean|mse:0.35231828689575195, mae:0.37554478645324707|Std|mse:0.0, mae:0.0
group_0: f_8, num_7
group_0: f_8, num_7
2023-07-30-10_02_40group_0|ETTh1_M|pred_len720|mse:0.46263888478279114, mae:0.46141287684440613
2023-07-30-10_02_40|ETTh1_M|pred_len720|mse:0.46263888478279114, mae:0.46141287684440613
2023-07-30-10_05_41group_0|ETTh1_M|pred_len720|mse:0.4623793959617615, mae:0.4562471807003021
2023-07-30-10_05_41|ETTh1_M|pred_len720|mse:0.4623793959617615, mae:0.4562471807003021
2023-07-30-10_07_51group_0|ETTh1_M|pred_len720|mse:0.507372260093689, mae:0.4859134256839752
2023-07-30-10_07_51|ETTh1_M|pred_len720|mse:0.507372260093689, mae:0.4859134256839752
2023-07-30-10_09_19group_0|ETTh1_M|pred_len720|mse:0.46268901228904724, mae:0.46345922350883484
2023-07-30-10_09_19|ETTh1_M|pred_len720|mse:0.46268901228904724, mae:0.46345922350883484
2023-07-30-10_11_29group_0|ETTh1_M|pred_len720|mse:0.4681756794452667, mae:0.4651831388473511
2023-07-30-10_11_29|ETTh1_M|pred_len720|mse:0.4681756794452667, mae:0.4651831388473511
|ETTh1_M|pred_len720: 
|Mean|mse:0.4726510465145111, mae:0.46644316911697387|Std|mse:0.017496193279365628, mae:0.010186702298564694
group_0: f_8, num_7
group_0: f_8, num_7
2023-07-30-18_45_27group_0|ETTm2_M|pred_len720|mse:0.3975086212158203, mae:0.40435144305229187
2023-07-30-18_45_27|ETTm2_M|pred_len720|mse:0.3975086212158203, mae:0.40435144305229187
2023-07-30-19_02_54group_0|ETTm2_M|pred_len720|mse:0.37287089228630066, mae:0.39968785643577576
2023-07-30-19_02_55|ETTm2_M|pred_len720|mse:0.37287089228630066, mae:0.39968785643577576
2023-07-30-19_19_19group_0|ETTm2_M|pred_len720|mse:0.37107884883880615, mae:0.3938210606575012
2023-07-30-19_19_19|ETTm2_M|pred_len720|mse:0.37107884883880615, mae:0.3938210606575012
2023-07-30-19_44_04group_0|ETTm2_M|pred_len720|mse:0.38126176595687866, mae:0.39752763509750366
2023-07-30-19_44_04|ETTm2_M|pred_len720|mse:0.38126176595687866, mae:0.39752763509750366
2023-07-30-19_56_39group_0|ETTm2_M|pred_len720|mse:0.38522040843963623, mae:0.3995022773742676
2023-07-30-19_56_39|ETTm2_M|pred_len720|mse:0.38522040843963623, mae:0.3995022773742676
|ETTm2_M|pred_len720: 
|Mean|mse:0.3815881073474884, mae:0.398978054523468|Std|mse:0.009520475036302557, mae:0.003416145046058374
group_0: f_1, num_2
group_1: f_2, num_8
group_2: f_3, num_12
group_3: f_4, num_3
group_4: f_17, num_1
group_0: f_1, num_2
group_1: f_2, num_8
group_2: f_3, num_12
group_3: f_4, num_3
group_4: f_17, num_1
2023-07-30-20_15_41group_0|Light_M|pred_len720|mse:1.585103988647461, mae:0.9933698773384094
2023-07-30-20_19_17group_1|Light_M|pred_len720|mse:1.242688536643982, mae:0.868786096572876
2023-07-30-20_23_54group_2|Light_M|pred_len720|mse:1.619446873664856, mae:0.9490119814872742
2023-07-30-20_26_06group_3|Light_M|pred_len720|mse:0.6584933996200562, mae:0.554025411605835
2023-07-30-20_31_46group_4|Light_M|pred_len720|mse:0.5788347125053406, mae:0.3688904941082001
2023-07-30-20_31_46|Light_M|pred_len720|mse:1.349976679453483, mae:0.8598515013089548
2023-07-30-20_36_26group_0|Light_M|pred_len720|mse:1.3156020641326904, mae:0.8992707133293152
2023-07-30-20_39_52group_1|Light_M|pred_len720|mse:1.1035034656524658, mae:0.8077008724212646
2023-07-30-20_45_46group_2|Light_M|pred_len720|mse:1.6070793867111206, mae:0.953260600566864
2023-07-30-20_47_18group_3|Light_M|pred_len720|mse:0.7046948075294495, mae:0.5911367535591125
2023-07-30-20_53_08group_4|Light_M|pred_len720|mse:0.5908400416374207, mae:0.36164379119873047
2023-07-30-20_53_08|Light_M|pred_len720|mse:1.2865041907017047, mae:0.8397819101810455
2023-07-30-20_55_48group_0|Light_M|pred_len720|mse:1.599861979484558, mae:0.9920458197593689
2023-07-30-20_58_22group_1|Light_M|pred_len720|mse:1.3155723810195923, mae:0.9121043682098389
2023-07-30-21_00_40group_2|Light_M|pred_len720|mse:1.6377995014190674, mae:0.965641438961029
2023-07-30-21_02_47group_3|Light_M|pred_len720|mse:0.6867883801460266, mae:0.5781741142272949
2023-07-30-21_08_58group_4|Light_M|pred_len720|mse:0.5836374759674072, mae:0.36956068873405457
2023-07-30-21_08_58|Light_M|pred_len720|mse:1.3854576784830828, mae:0.8835656493902206
2023-07-30-21_11_18group_0|Light_M|pred_len720|mse:1.5486526489257812, mae:0.9593906402587891
2023-07-30-21_13_35group_1|Light_M|pred_len720|mse:1.149686336517334, mae:0.8316888213157654
2023-07-30-21_16_56group_2|Light_M|pred_len720|mse:1.5690431594848633, mae:0.9319641590118408
2023-07-30-21_18_22group_3|Light_M|pred_len720|mse:0.7893480658531189, mae:0.6097189784049988
2023-07-30-21_25_35group_4|Light_M|pred_len720|mse:0.5742208361625671, mae:0.3727201521396637
2023-07-30-21_25_35|Light_M|pred_len720|mse:1.3102145745204046, mae:0.8445284171746327
2023-07-30-21_30_14group_0|Light_M|pred_len720|mse:1.3257114887237549, mae:0.8741354942321777
group_0: f_8, num_12
2023-07-30-21_34_20group_0|Air_M|pred_len720|mse:0.9119783043861389, mae:0.736461341381073
2023-07-30-21_34_20|Air_M|pred_len720|mse:0.9119783043861389, mae:0.736461341381073
2023-07-30-21_34_51group_0|Air_M|pred_len720|mse:0.9202237725257874, mae:0.7366605401039124
2023-07-30-21_34_51|Air_M|pred_len720|mse:0.9202237725257874, mae:0.7366605401039124
2023-07-30-21_35_22group_0|Air_M|pred_len720|mse:0.9219889044761658, mae:0.7351027727127075
2023-07-30-21_35_22|Air_M|pred_len720|mse:0.9219889044761658, mae:0.7351027727127075
2023-07-30-21_36_21group_0|Air_M|pred_len720|mse:0.9128905534744263, mae:0.736151397228241
2023-07-30-21_36_21|Air_M|pred_len720|mse:0.9128905534744263, mae:0.736151397228241
2023-07-30-21_37_20group_0|Air_M|pred_len720|mse:0.9147582650184631, mae:0.738338828086853
2023-07-30-21_37_20|Air_M|pred_len720|mse:0.9147582650184631, mae:0.738338828086853
|Air_M|pred_len720: 
|Mean|mse:0.9163679599761962, mae:0.7365429759025574|Std|mse:0.0040103580270132244, mae:0.0010462399046691708
